<?xml version="1.0" encoding="UTF-8"?>
<robot generator="Robot 7.3.2 (Python 3.11.9 on win32)" generated="2025-08-07T20:20:11.456215" rpa="false" schemaversion="5">
<suite id="s1" name="Something" source="C:\GitHub\Software-Engineering-College-Activities\B7-\Activity_01\something.robot">
<test id="s1-t1" name="Pesquisa no Google" line="7">
<kw name="Open Browser" owner="SeleniumLibrary">
<msg time="2025-08-07T20:20:12.874150" level="INFO">Opening browser 'Chrome' to base url 'https://www.google.com'.</msg>
<msg time="2025-08-07T20:20:26.892033" level="WARN">Error sending stats to Plausible: error sending request for url (https://plausible.io/api/event)</msg>
<arg>https://www.google.com</arg>
<arg>Chrome</arg>
<doc>Opens a new browser instance to the optional ``url``.</doc>
<status status="PASS" start="2025-08-07T20:20:12.874150" elapsed="15.952553"/>
</kw>
<kw name="Input Text" owner="SeleniumLibrary">
<msg time="2025-08-07T20:20:28.827704" level="INFO">Typing text 'Robot Framework' into text field 'name=q'.</msg>
<arg>name=q</arg>
<arg>Robot Framework</arg>
<doc>Types the given ``text`` into the text field identified by ``locator``.</doc>
<status status="PASS" start="2025-08-07T20:20:28.826703" elapsed="0.060221"/>
</kw>
<kw name="Press Keys" owner="SeleniumLibrary">
<msg time="2025-08-07T20:20:28.887923" level="INFO">Sending key(s) ('ENTER',) to name=q element.</msg>
<msg time="2025-08-07T20:20:29.172853" level="INFO">Pressing special key ENTER to element.</msg>
<msg time="2025-08-07T20:20:29.172853" level="INFO">Releasing special key ENTER.</msg>
<arg>name=q</arg>
<arg>ENTER</arg>
<doc>Simulates the user pressing key(s) to an element or on the active browser.</doc>
<status status="PASS" start="2025-08-07T20:20:28.887923" elapsed="1.588262"/>
</kw>
<kw name="Sleep" owner="BuiltIn">
<msg time="2025-08-07T20:20:32.477635" level="INFO">Slept 2 seconds.</msg>
<arg>2s</arg>
<doc>Pauses the test executed for the given time.</doc>
<status status="PASS" start="2025-08-07T20:20:30.476185" elapsed="2.001450"/>
</kw>
<kw name="Capture Page Screenshot" owner="SeleniumLibrary">
<msg time="2025-08-07T20:20:32.562653" level="INFO" html="true">&lt;/td&gt;&lt;/tr&gt;&lt;tr&gt;&lt;td colspan="3"&gt;&lt;a href="selenium-screenshot-1.png"&gt;&lt;img src="selenium-screenshot-1.png" width="800px"&gt;&lt;/a&gt;</msg>
<doc>Takes a screenshot of the current page and embeds it into a log file.</doc>
<status status="PASS" start="2025-08-07T20:20:32.478657" elapsed="0.083996"/>
</kw>
<kw name="Close Browser" owner="SeleniumLibrary">
<doc>Closes the current browser.</doc>
<status status="PASS" start="2025-08-07T20:20:32.562653" elapsed="2.159602"/>
</kw>
<doc>Pesquisa por "Robot Framework" no Google e verifica o título da página</doc>
<status status="PASS" start="2025-08-07T20:20:12.873154" elapsed="21.849101"/>
</test>
<status status="PASS" start="2025-08-07T20:20:11.457221" elapsed="23.266035"/>
</suite>
<statistics>
<total>
<stat pass="1" fail="0" skip="0">All Tests</stat>
</total>
<tag>
</tag>
<suite>
<stat name="Something" id="s1" pass="1" fail="0" skip="0">Something</stat>
</suite>
</statistics>
<errors>
<msg time="2025-08-07T20:20:26.892033" level="WARN">Error sending stats to Plausible: error sending request for url (https://plausible.io/api/event)</msg>
</errors>
</robot>
